SockJS v0.3.11 bound to "/notf_socket"
GET /notf_socket/info 3ms 200
GET /notf_socket/429/k0a0a4g3/websocket 1ms (unfinished)
14
SockJS v0.3.11 bound to "/notf_socket"
GET /notf_socket/info 3ms 200
GET /notf_socket/172/u3m8jnln/websocket 2ms (unfinished)
14
disconnect
GET /notf_socket/info 0ms 200
GET /notf_socket/570/tece4g4o/websocket 0ms (unfinished)
14
disconnect
GET /notf_socket/info 0ms 200
GET /notf_socket/986/ev0mb1o_/websocket 1ms (unfinished)
14
disconnect
GET /notf_socket/info 0ms 200
GET /notf_socket/009/tsdlncjb/websocket 0ms (unfinished)
14
disconnect
GET /notf_socket/info 1ms 200
GET /notf_socket/709/30k1vb8z/websocket 1ms (unfinished)
14
disconnect
GET /notf_socket/info 0ms 200
GET /notf_socket/636/vdie_5at/websocket 1ms (unfinished)
14
disconnect
GET /notf_socket/info 0ms 200
GET /notf_socket/098/5_wfo6re/websocket 0ms (unfinished)
14
disconnect
GET /notf_socket/info 0ms 200
GET /notf_socket/045/hedom_ik/websocket 0ms (unfinished)
14
disconnect
GET /notf_socket/info 0ms 200
GET /notf_socket/949/lf_d_dw8/websocket 0ms (unfinished)
14
disconnect
GET /notf_socket/info 0ms 200
GET /notf_socket/384/krosf5_g/websocket 0ms (unfinished)
14
disconnect
GET /notf_socket/info 1ms 200
GET /notf_socket/284/qmew28ry/websocket 0ms (unfinished)
14
disconnect
GET /notf_socket/info 0ms 200
GET /notf_socket/122/2pw1h4ib/websocket 1ms (unfinished)
14
disconnect
GET /notf_socket/info 1ms 200
GET /notf_socket/138/y35tj7vv/websocket 1ms (unfinished)
14
disconnect
GET /notf_socket/info 1ms 200
GET /notf_socket/info 0ms 200
GET /notf_socket/118/6jiub5bh/websocket 0ms (unfinished)
14
disconnect
GET /notf_socket/info 0ms 200
GET /notf_socket/669/s56_qj13/websocket 0ms (unfinished)
14
disconnect
GET /notf_socket/info 2ms 200
GET /notf_socket/308/hck1i0qn/websocket 0ms (unfinished)
14
disconnect
GET /notf_socket/info 0ms 200
GET /notf_socket/722/8tkvct0s/websocket 0ms (unfinished)
14
disconnect
GET /notf_socket/info 0ms 200
GET /notf_socket/263/ornipo1b/websocket 0ms (unfinished)
14
disconnect
GET /notf_socket/info 0ms 200
GET /notf_socket/197/eyo5ac24/websocket 1ms (unfinished)
14
disconnect
GET /notf_socket/info 0ms 200
GET /notf_socket/786/1uvor579/websocket 0ms (unfinished)
14
disconnect
GET /notf_socket/info 0ms 200
GET /notf_socket/675/nwrz1d05/websocket 0ms (unfinished)
14
disconnect
GET /notf_socket/info 1ms 200
GET /notf_socket/620/ma2n2_6h/websocket 1ms (unfinished)
14
disconnect
GET /notf_socket/info 0ms 200
GET /notf_socket/994/c5cjf5oi/websocket 0ms (unfinished)
14
disconnect
GET /notf_socket/info 1ms 200
GET /notf_socket/644/lj81d5tu/websocket 0ms (unfinished)
14
disconnect
GET /notf_socket/info 0ms 200
GET /notf_socket/770/b7qqmgxp/websocket 1ms (unfinished)
14
disconnect
GET /notf_socket/info 1ms 200
GET /notf_socket/154/hbmksaur/websocket 1ms (unfinished)
14
disconnect
GET /notf_socket/info 0ms 200
GET /notf_socket/284/3vi2g4y5/websocket 0ms (unfinished)
14
disconnect
GET /notf_socket/info 1ms 200
GET /notf_socket/247/_ynzab_9/websocket 0ms (unfinished)
14
disconnect
GET /notf_socket/info 0ms 200
GET /notf_socket/725/67spm9st/websocket 1ms (unfinished)
14
disconnect
GET /notf_socket/info 1ms 200
GET /notf_socket/564/uqbx89ke/websocket 0ms (unfinished)
14
disconnect
GET /notf_socket/info 0ms 200
GET /notf_socket/983/4i_xjmvo/websocket 1ms (unfinished)
14
disconnect
GET /notf_socket/info 0ms 200
GET /notf_socket/256/37ksvohe/websocket 0ms (unfinished)
14
disconnect
GET /notf_socket/info 0ms 200
GET /notf_socket/272/5kwos0d1/websocket 0ms (unfinished)
14
disconnect
GET /notf_socket/info 0ms 200
GET /notf_socket/624/q0s08u43/websocket 0ms (unfinished)
14
disconnect
GET /notf_socket/info 0ms 200
GET /notf_socket/826/tjzmi1bf/websocket 0ms (unfinished)
14
disconnect
GET /notf_socket/info 0ms 200
GET /notf_socket/431/fgfcb6kj/websocket 0ms (unfinished)
14
disconnect
GET /notf_socket/info 1ms 200
GET /notf_socket/928/czkejsxp/websocket 0ms (unfinished)
14
disconnect
GET /notf_socket/info 0ms 200
GET /notf_socket/660/ndy7ji4r/websocket 0ms (unfinished)
14
disconnect
GET /notf_socket/info 0ms 200
GET /notf_socket/400/gqmmqyhw/websocket 0ms (unfinished)
14
disconnect
GET /notf_socket/info 0ms 200
GET /notf_socket/747/962fkp2y/websocket 0ms (unfinished)
14
disconnect
GET /notf_socket/info 1ms 200
GET /notf_socket/023/bt8_c_j8/websocket 0ms (unfinished)
14
disconnect
GET /notf_socket/info 0ms 200
GET /notf_socket/307/kvdrqwyr/websocket 0ms (unfinished)
14
disconnect
GET /notf_socket/info 0ms 200
GET /notf_socket/717/4knn5up6/websocket 1ms (unfinished)
14
disconnect
GET /notf_socket/info 1ms 200
GET /notf_socket/594/86b74xo1/websocket 1ms (unfinished)
14
disconnect
GET /notf_socket/info 0ms 200
GET /notf_socket/338/tl6svp24/websocket 0ms (unfinished)
14
disconnect
GET /notf_socket/info 0ms 200
GET /notf_socket/287/si9x4r2r/websocket 0ms (unfinished)
14
disconnect
GET /notf_socket/info 0ms 200
GET /notf_socket/144/ei9wji0d/websocket 0ms (unfinished)
14
disconnect
GET /notf_socket/info 1ms 200
GET /notf_socket/247/nkhb2x0f/websocket 0ms (unfinished)
14
disconnect
GET /notf_socket/info 0ms 200
GET /notf_socket/info 0ms 200
GET /notf_socket/917/e65w71px/websocket 0ms (unfinished)
14
disconnect
GET /notf_socket/info 0ms 200
GET /notf_socket/077/h94blmb1/websocket 0ms (unfinished)
14
disconnect
GET /notf_socket/info 0ms 200
GET /notf_socket/385/purjdfl_/websocket 0ms (unfinished)
14
disconnect
GET /notf_socket/info 0ms 200
GET /notf_socket/280/0kzpsm5m/websocket 1ms (unfinished)
14
disconnect
